


ARM Macro Assembler    Page 1 


    1 00000000         ;SysTick registers
    2 00000000 E000E010 
                       ST_CTRL EQU              0xE000E010
    3 00000000 E000E014 
                       ST_RELOAD
                               EQU              0xE000E014
    4 00000000 E000E018 
                       ST_CURRENT
                               EQU              0xE000E018
    5 00000000 E000ED20 
                       SYSPRI3 EQU              0xE000ED20
    6 00000000         
    7 00000000         ;GPIO Registers
    8 00000000 40024010 
                       GPIO_PORTE_DATA
                               EQU              0x40024010  ; Access BIT2
    9 00000000 40024400 
                       GPIO_PORTE_DIR
                               EQU              0x40024400  ; Port Direction
   10 00000000 40024420 
                       GPIO_PORTE_AFSEL
                               EQU              0x40024420  ; Alt Function enab
                                                            le
   11 00000000 4002451C 
                       GPIO_PORTE_DEN
                               EQU              0x4002451C  ; Digital Enable
   12 00000000 40024528 
                       GPIO_PORTE_AMSEL
                               EQU              0x40024528  ; Analog enable
   13 00000000 4002452C 
                       GPIO_PORTE_PCTL
                               EQU              0x4002452C  ; Alternate Functio
                                                            ns
   14 00000000 40025038 
                       GPIO_PORTF_DATA_L
                               EQU              0x40025038  ; Access leds
   15 00000000 40025044 
                       GPIO_PORTF_DATA_S
                               EQU              0x40025044  ; Access Sws
   16 00000000 40025400 
                       GPIO_PORTF_DIR
                               EQU              0x40025400  ; Port Direction
   17 00000000 40025420 
                       GPIO_PORTF_AFSEL
                               EQU              0x40025420  ; Alt Function enab
                                                            le
   18 00000000 4002551C 
                       GPIO_PORTF_DEN
                               EQU              0x4002551C  ; Digital Enable
   19 00000000 40025528 
                       GPIO_PORTF_AMSEL
                               EQU              0x40025528  ; Analog enable
   20 00000000 4002552C 
                       GPIO_PORTF_PCTL
                               EQU              0x4002552C  ; Alternate Functio
                                                            ns
   21 00000000 40025510 
                       GPIO_PORTF_PUR
                               EQU              0x40025510  ; Pull up



ARM Macro Assembler    Page 2 


   22 00000000 40025520 
                       GPIO_PORTF_LOCK
                               EQU              0x40025520
   23 00000000 40025524 
                       GPIO_PORTF_CR
                               EQU              0x40025524
   24 00000000         ;System Registers
   25 00000000 400FE608 
                       SYSCTL_RCGCGPIO
                               EQU              0x400FE608  ; GPIO Gate Control
                                                            
   26 00000000 400FE638 
                       SYSCTL_RCGCADC
                               EQU              0x400FE638  ; ADC Gate Control
   27 00000000 400FE604 
                       SYSCTL_RCGCTIMER
                               EQU              0x400FE604  ; GPTM Gate Control
                                                            
   28 00000000         
   29 00000000         ;ADC Registers
   30 00000000 40038000 
                       ADC0_ACTSS
                               EQU              0x40038000  ; 
   31 00000000 40038014 
                       ADC0_EMUX
                               EQU              0x40038014  ;
   32 00000000 400380A0 
                       ADC0_SSMUX3
                               EQU              0x400380A0  ; 
   33 00000000 400380A4 
                       ADC0_SSCTL3
                               EQU              0x400380A4  ;
   34 00000000 40038FC4 
                       ADC0_PC EQU              0x40038FC4  ;
   35 00000000 40038028 
                       ADC0_PSSI
                               EQU              0x40038028  ;
   36 00000000 4003800C 
                       ADC0_ISC
                               EQU              0x4003800C  ;
   37 00000000 40038004 
                       ADC0_RIS
                               EQU              0x40038004  ;
   38 00000000 400380A8 
                       ADC0_SSFIFO3
                               EQU              0x400380A8  ;
   39 00000000         ;---------------------------------------------------
   40 00000000                 AREA             routines, CODE, READONLY
   41 00000000                 THUMB
   42 00000000                 EXPORT           ATD_INIT
   43 00000000                 EXPORT           ST_INIT
   44 00000000                 EXPORT           ST_ISR
   45 00000000         ;---------------------------------------------------
   46 00000000         ATD_INIT
                               PROC
   47 00000000 4953            LDR              R1, =SYSCTL_RCGCGPIO 
                                                            ; start GPIO clock
   48 00000002 6808            LDR              R0, [R1]
   49 00000004 F040 0030       ORR              R0, R0, #0x30 ; set bits 4 and 



ARM Macro Assembler    Page 3 


                                                            5 for port E and F
   50 00000008 6008            STR              R0, [R1]
   51 0000000A BF00            NOP                          ; allow clock to se
                                                            ttle
   52 0000000C BF00            NOP
   53 0000000E BF00            NOP
   54 00000010 BF00            NOP
   55 00000012 BF00            NOP
   56 00000014 BF00            NOP
   57 00000016         
   58 00000016 494F            LDR              R1, =GPIO_PORTE_AFSEL 
                                                            ; bit3 set to 1
   59 00000018 6808            LDR              R0, [R1]
   60 0000001A F040 0008       ORR              R0, R0, #0x08
   61 0000001E 6008            STR              R0, [R1]
   62 00000020         
   63 00000020 494D            LDR              R1, =GPIO_PORTE_AMSEL ; enable 
                                                            analog for bit3
   64 00000022 F04F 0008       MOV              R0, #0x08
   65 00000026 6008            STR              R0, [R1]
   66 00000028         
   67 00000028 494C            LDR              R1, =GPIO_PORTE_DEN ; disable d
                                                            igital for bit3
   68 0000002A 6808            LDR              R0, [R1]
   69 0000002C F020 0008       BIC              R0, R0, #0x08
   70 00000030 6008            STR              R0, [R1]
   71 00000032         
   72 00000032 494B            LDR              R1, =GPIO_PORTE_DIR ; set direc
                                                            tion of PE3
   73 00000034 F04F 0000       MOV              R0, #0      ; set all bits to i
                                                            nput
   74 00000038 6008            STR              R0, [R1]
   75 0000003A         
   76 0000003A 484A            LDR              R0,=GPIO_PORTF_LOCK
   77 0000003C 494A            LDR              R1,=0x4C4F434B
   78 0000003E 6001            STR              R1,[R0]
   79 00000040         
   80 00000040 484A            LDR              R0,=GPIO_PORTF_CR
   81 00000042 F04F 0101       MOV              R1,#0x01
   82 00000046 6001            STR              R1,[R0]
   83 00000048         
   84 00000048         
   85 00000048 4849            LDR              R0,=GPIO_PORTF_PUR
   86 0000004A F04F 0111       LDR              R1,=0x11
   87 0000004E 6001            STR              R1,[R0]
   88 00000050         
   89 00000050 4948            LDR              R1, =GPIO_PORTF_DIR ; 
   90 00000052 6808            LDR              R0, [R1]
   91 00000054 F040 000E       ORR              R0, R0, #0xE ; 
   92 00000058 6008            STR              R0, [R1]
   93 0000005A 4947            LDR              R1, =GPIO_PORTF_AFSEL ; regular
                                                             port function
   94 0000005C 6808            LDR              R0, [R1]
   95 0000005E F020 0004       BIC              R0, R0, #0x04
   96 00000062 6008            STR              R0, [R1]
   97 00000064 4945            LDR              R1, =GPIO_PORTF_PCTL ; no alter
                                                            nate function
   98 00000066 6808            LDR              R0, [R1]
   99 00000068 F420 6070       BIC              R0, R0, #0x00000F00



ARM Macro Assembler    Page 4 


  100 0000006C 6008            STR              R0, [R1]
  101 0000006E 4944            LDR              R1, =GPIO_PORTF_AMSEL 
                                                            ; disable analog
  102 00000070 F04F 0000       MOV              R0, #0
  103 00000074 6008            STR              R0, [R1]
  104 00000076 4943            LDR              R1, =GPIO_PORTF_DEN ; enable po
                                                            rt digital
  105 00000078 6808            LDR              R0, [R1]
  106 0000007A F040 001F       ORR              R0, R0, #0x1F
  107 0000007E 6008            STR              R0, [R1]
  108 00000080         
  109 00000080 4941            LDR              R1, =SYSCTL_RCGCADC 
                                                            ; power-up ADC
  110 00000082 6808            LDR              R0, [R1]
  111 00000084 F040 0001       ORR              R0, R0, #0x01 ; set bit 1 for p
                                                            ort ADC0
  112 00000088 6008            STR              R0, [R1]
  113 0000008A BF00            NOP
  114 0000008C BF00            NOP
  115 0000008E BF00            NOP
  116 00000090 BF00            NOP
  117 00000092 BF00            NOP
  118 00000094 BF00            NOP
  119 00000096 BF00            NOP
  120 00000098 BF00            NOP
  121 0000009A BF00            NOP
  122 0000009C BF00            NOP
  123 0000009E BF00            NOP
  124 000000A0 BF00            NOP
  125 000000A2         
  126 000000A2 493A            LDR              R1, =ADC0_ACTSS ; Sequencer 3 d
                                                            isabled
  127 000000A4 6808            LDR              R0, [R1]
  128 000000A6 F020 0008       BIC              R0, R0, #0x08
  129 000000AA         ;MOV R0, #0
  130 000000AA 6008            STR              R0, [R1]
  131 000000AC         
  132 000000AC 4938            LDR              R1, =ADC0_EMUX 
                                                            ; software trigger
  133 000000AE 6808            LDR              R0, [R1]
  134 000000B0 F420 4070       BIC              R0, R0, #0xF000
  135 000000B4 6008            STR              R0, [R1]
  136 000000B6         
  137 000000B6 4937            LDR              R1, =ADC0_SSMUX3 ; AIN0
  138 000000B8 F04F 0000       MOV              R0, #0
  139 000000BC 6008            STR              R0, [R1]
  140 000000BE         
  141 000000BE 4936            LDR              R1, =ADC0_SSCTL3 ; end after 1 
                                                            sample, generate in
                                                            terrupt
  142 000000C0 F04F 0006       MOV              R0, #0x06
  143 000000C4 6008            STR              R0, [R1]
  144 000000C6         
  145 000000C6 4935            LDR              R1, =ADC0_PC ; 125 ksps
  146 000000C8 F04F 0001       MOV              R0, #0x01
  147 000000CC 6008            STR              R0, [R1]
  148 000000CE         
  149 000000CE 492F            LDR              R1, =ADC0_ACTSS ; Sequencer 3 e
                                                            nabled



ARM Macro Assembler    Page 5 


  150 000000D0 6808            LDR              R0, [R1]
  151 000000D2 F040 0008       ORR              R0, R0, #0x08
  152 000000D6 6008            STR              R0, [R1]
  153 000000D8 4770            BX               LR
  154 000000DA                 ENDP
  155 000000DA         ;---------------------------------------------------
  156 000000DA         ST_INIT PROC
  157 000000DA         
  158 000000DA 4931            LDR              R1,=ST_CTRL
  159 000000DC F04F 0000       MOV              R0,#0
  160 000000E0 6008            STR              R0,[R1]
  161 000000E2         
  162 000000E2 4930            LDR              R1,=ST_RELOAD
  163 000000E4 F44F 7048       LDR              R0,=800     ; 500-125 µs
  164 000000E8 6008            STR              R0,[R1]
  165 000000EA         
  166 000000EA 492F            LDR              R1,=ST_CURRENT
  167 000000EC 6008            STR              R0,[R1]
  168 000000EE         
  169 000000EE 492F            LDR              R1,=SYSPRI3
  170 000000F0 F04F 4080       MOV              R0,#0x40000000
  171 000000F4 6008            STR              R0,[R1]
  172 000000F6         
  173 000000F6 492A            LDR              R1,=ST_CTRL
  174 000000F8 F04F 0003       MOV              R0,#0x03
  175 000000FC 6008            STR              R0,[R1]
  176 000000FE         
  177 000000FE 4770            BX               LR
  178 00000100                 ENDP
  179 00000100         ;*******************************************************
                       ********
  180 00000100         ST_ISR  PROC
  181 00000100         
  182 00000100 492B            LDR              R1, =ADC0_PSSI ; start sampling
                                                             for sequencer 3
  183 00000102 6808            LDR              R0, [R1]
  184 00000104 F040 0008       ORR              R0, R0, #0x08
  185 00000108 6008            STR              R0, [R1]
  186 0000010A         
  187 0000010A 492A    poll    LDR              R1, =ADC0_RIS
  188 0000010C 6808            LDR              R0, [R1]
  189 0000010E 2808            CMP              R0, #0x08
  190 00000110 D1FB            BNE              poll        ; if flag is not se
                                                            t poll again
  191 00000112         
  192 00000112 F1BA 0F00       CMP              R10,#0
  193 00000116 D103            BNE              most
  194 00000118 681C            LDR              R4,[R3]
  195 0000011A F10A 0A01       ADD              R10,#1
  196 0000011E E00A            B                clr
  197 00000120         
  198 00000120 F1BA 0F01 
                       most    CMP              R10,#1
  199 00000124 D107            BNE              clr
  200 00000126 681D            LDR              R5,[R3]
  201 00000128 EA4F 3505       LSL              R5,#12
  202 0000012C 442C            ADD              R4,R5
  203 0000012E F848 4B03       STR              R4,[R8],#3
  204 00000132 F04F 0A00       MOV              R10,#0



ARM Macro Assembler    Page 6 


  205 00000136         
  206 00000136         
  207 00000136 4920    clr     LDR              R1, =ADC0_ISC
  208 00000138 6808            LDR              R0, [R1]
  209 0000013A F040 0008       ORR              R0, R0, #0x08 ; set bit3 in ADC
                                                            0_ISC to clear inte
                                                            rrupt
  210 0000013E 6008            STR              R0, [R1]
  211 00000140         
  212 00000140 45C8            CMP              R8,R9
  213 00000142 D104            BNE              ret
  214 00000144 4916            LDR              R1,=ST_CTRL ; if R8=R9, stop Sy
                                                            sTick
  215 00000146 F04F 0000       MOV              R0,#0
  216 0000014A 6008            STR              R0,[R1]
  217 0000014C 603E            STR              R6,[R7]     ; turn on LED
  218 0000014E         
  219 0000014E 4770    ret     BX               LR
  220 00000150                 ENDP
  221 00000150         ;*******************************************************
                       ********
  222 00000150         ;LABEL      DIRECTIVE       VALUE                       
                           COMMENT
  223 00000150                 ALIGN
  224 00000150                 END
              400FE608 
              40024420 
              40024528 
              4002451C 
              40024400 
              40025520 
              4C4F434B 
              40025524 
              40025510 
              40025400 
              40025420 
              4002552C 
              40025528 
              4002551C 
              400FE638 
              40038000 
              40038014 
              400380A0 
              400380A4 
              40038FC4 
              E000E010 
              E000E014 
              E000E018 
              E000ED20 
              40038028 
              40038004 
              4003800C 
Command Line: --debug --xref --diag_suppress=9931 --cpu=Cortex-M4.fp --apcs=int
erwork --depend=.\objects\inits.d -o.\objects\inits.o -I.\RTE\_Target_1 -IC:\Ke
il_v5\ARM\PACK\Keil\TM4C_DFP\1.1.0\Device\Include\TM4C123 -IC:\Keil_v5\ARM\CMSI
S\Include --predefine="__EVAL SETA 1" --predefine="__UVISION_VERSION SETA 524" 
--predefine="TM4C123GH6PM SETA 1" --list=.\listings\inits.lst inits.s



ARM Macro Assembler    Page 1 Alphabetic symbol ordering
Relocatable symbols

ATD_INIT 00000000

Symbol: ATD_INIT
   Definitions
      At line 46 in file inits.s
   Uses
      At line 42 in file inits.s
Comment: ATD_INIT used once
ST_INIT 000000DA

Symbol: ST_INIT
   Definitions
      At line 156 in file inits.s
   Uses
      At line 43 in file inits.s
Comment: ST_INIT used once
ST_ISR 00000100

Symbol: ST_ISR
   Definitions
      At line 180 in file inits.s
   Uses
      At line 44 in file inits.s
Comment: ST_ISR used once
clr 00000136

Symbol: clr
   Definitions
      At line 207 in file inits.s
   Uses
      At line 196 in file inits.s
      At line 199 in file inits.s

most 00000120

Symbol: most
   Definitions
      At line 198 in file inits.s
   Uses
      At line 193 in file inits.s
Comment: most used once
poll 0000010A

Symbol: poll
   Definitions
      At line 187 in file inits.s
   Uses
      At line 190 in file inits.s
Comment: poll used once
ret 0000014E

Symbol: ret
   Definitions
      At line 219 in file inits.s
   Uses
      At line 213 in file inits.s
Comment: ret used once
routines 00000000




ARM Macro Assembler    Page 2 Alphabetic symbol ordering
Relocatable symbols

Symbol: routines
   Definitions
      At line 40 in file inits.s
   Uses
      None
Comment: routines unused
8 symbols



ARM Macro Assembler    Page 1 Alphabetic symbol ordering
Absolute symbols

ADC0_ACTSS 40038000

Symbol: ADC0_ACTSS
   Definitions
      At line 30 in file inits.s
   Uses
      At line 126 in file inits.s
      At line 149 in file inits.s

ADC0_EMUX 40038014

Symbol: ADC0_EMUX
   Definitions
      At line 31 in file inits.s
   Uses
      At line 132 in file inits.s
Comment: ADC0_EMUX used once
ADC0_ISC 4003800C

Symbol: ADC0_ISC
   Definitions
      At line 36 in file inits.s
   Uses
      At line 207 in file inits.s
Comment: ADC0_ISC used once
ADC0_PC 40038FC4

Symbol: ADC0_PC
   Definitions
      At line 34 in file inits.s
   Uses
      At line 145 in file inits.s
Comment: ADC0_PC used once
ADC0_PSSI 40038028

Symbol: ADC0_PSSI
   Definitions
      At line 35 in file inits.s
   Uses
      At line 182 in file inits.s
Comment: ADC0_PSSI used once
ADC0_RIS 40038004

Symbol: ADC0_RIS
   Definitions
      At line 37 in file inits.s
   Uses
      At line 187 in file inits.s
Comment: ADC0_RIS used once
ADC0_SSCTL3 400380A4

Symbol: ADC0_SSCTL3
   Definitions
      At line 33 in file inits.s
   Uses
      At line 141 in file inits.s
Comment: ADC0_SSCTL3 used once
ADC0_SSFIFO3 400380A8




ARM Macro Assembler    Page 2 Alphabetic symbol ordering
Absolute symbols

Symbol: ADC0_SSFIFO3
   Definitions
      At line 38 in file inits.s
   Uses
      None
Comment: ADC0_SSFIFO3 unused
ADC0_SSMUX3 400380A0

Symbol: ADC0_SSMUX3
   Definitions
      At line 32 in file inits.s
   Uses
      At line 137 in file inits.s
Comment: ADC0_SSMUX3 used once
GPIO_PORTE_AFSEL 40024420

Symbol: GPIO_PORTE_AFSEL
   Definitions
      At line 10 in file inits.s
   Uses
      At line 58 in file inits.s
Comment: GPIO_PORTE_AFSEL used once
GPIO_PORTE_AMSEL 40024528

Symbol: GPIO_PORTE_AMSEL
   Definitions
      At line 12 in file inits.s
   Uses
      At line 63 in file inits.s
Comment: GPIO_PORTE_AMSEL used once
GPIO_PORTE_DATA 40024010

Symbol: GPIO_PORTE_DATA
   Definitions
      At line 8 in file inits.s
   Uses
      None
Comment: GPIO_PORTE_DATA unused
GPIO_PORTE_DEN 4002451C

Symbol: GPIO_PORTE_DEN
   Definitions
      At line 11 in file inits.s
   Uses
      At line 67 in file inits.s
Comment: GPIO_PORTE_DEN used once
GPIO_PORTE_DIR 40024400

Symbol: GPIO_PORTE_DIR
   Definitions
      At line 9 in file inits.s
   Uses
      At line 72 in file inits.s
Comment: GPIO_PORTE_DIR used once
GPIO_PORTE_PCTL 4002452C

Symbol: GPIO_PORTE_PCTL
   Definitions
      At line 13 in file inits.s



ARM Macro Assembler    Page 3 Alphabetic symbol ordering
Absolute symbols

   Uses
      None
Comment: GPIO_PORTE_PCTL unused
GPIO_PORTF_AFSEL 40025420

Symbol: GPIO_PORTF_AFSEL
   Definitions
      At line 17 in file inits.s
   Uses
      At line 93 in file inits.s
Comment: GPIO_PORTF_AFSEL used once
GPIO_PORTF_AMSEL 40025528

Symbol: GPIO_PORTF_AMSEL
   Definitions
      At line 19 in file inits.s
   Uses
      At line 101 in file inits.s
Comment: GPIO_PORTF_AMSEL used once
GPIO_PORTF_CR 40025524

Symbol: GPIO_PORTF_CR
   Definitions
      At line 23 in file inits.s
   Uses
      At line 80 in file inits.s
Comment: GPIO_PORTF_CR used once
GPIO_PORTF_DATA_L 40025038

Symbol: GPIO_PORTF_DATA_L
   Definitions
      At line 14 in file inits.s
   Uses
      None
Comment: GPIO_PORTF_DATA_L unused
GPIO_PORTF_DATA_S 40025044

Symbol: GPIO_PORTF_DATA_S
   Definitions
      At line 15 in file inits.s
   Uses
      None
Comment: GPIO_PORTF_DATA_S unused
GPIO_PORTF_DEN 4002551C

Symbol: GPIO_PORTF_DEN
   Definitions
      At line 18 in file inits.s
   Uses
      At line 104 in file inits.s
Comment: GPIO_PORTF_DEN used once
GPIO_PORTF_DIR 40025400

Symbol: GPIO_PORTF_DIR
   Definitions
      At line 16 in file inits.s
   Uses
      At line 89 in file inits.s
Comment: GPIO_PORTF_DIR used once



ARM Macro Assembler    Page 4 Alphabetic symbol ordering
Absolute symbols

GPIO_PORTF_LOCK 40025520

Symbol: GPIO_PORTF_LOCK
   Definitions
      At line 22 in file inits.s
   Uses
      At line 76 in file inits.s
Comment: GPIO_PORTF_LOCK used once
GPIO_PORTF_PCTL 4002552C

Symbol: GPIO_PORTF_PCTL
   Definitions
      At line 20 in file inits.s
   Uses
      At line 97 in file inits.s
Comment: GPIO_PORTF_PCTL used once
GPIO_PORTF_PUR 40025510

Symbol: GPIO_PORTF_PUR
   Definitions
      At line 21 in file inits.s
   Uses
      At line 85 in file inits.s
Comment: GPIO_PORTF_PUR used once
ST_CTRL E000E010

Symbol: ST_CTRL
   Definitions
      At line 2 in file inits.s
   Uses
      At line 158 in file inits.s
      At line 173 in file inits.s
      At line 214 in file inits.s

ST_CURRENT E000E018

Symbol: ST_CURRENT
   Definitions
      At line 4 in file inits.s
   Uses
      At line 166 in file inits.s
Comment: ST_CURRENT used once
ST_RELOAD E000E014

Symbol: ST_RELOAD
   Definitions
      At line 3 in file inits.s
   Uses
      At line 162 in file inits.s
Comment: ST_RELOAD used once
SYSCTL_RCGCADC 400FE638

Symbol: SYSCTL_RCGCADC
   Definitions
      At line 26 in file inits.s
   Uses
      At line 109 in file inits.s
Comment: SYSCTL_RCGCADC used once
SYSCTL_RCGCGPIO 400FE608



ARM Macro Assembler    Page 5 Alphabetic symbol ordering
Absolute symbols


Symbol: SYSCTL_RCGCGPIO
   Definitions
      At line 25 in file inits.s
   Uses
      At line 47 in file inits.s
Comment: SYSCTL_RCGCGPIO used once
SYSCTL_RCGCTIMER 400FE604

Symbol: SYSCTL_RCGCTIMER
   Definitions
      At line 27 in file inits.s
   Uses
      None
Comment: SYSCTL_RCGCTIMER unused
SYSPRI3 E000ED20

Symbol: SYSPRI3
   Definitions
      At line 5 in file inits.s
   Uses
      At line 169 in file inits.s
Comment: SYSPRI3 used once
32 symbols
376 symbols in table
